<?xml version="1.0" encoding="UTF-8"?>
<testsuite name="threesolid.TestWorker" tests="2" skipped="0" failures="0" errors="0" timestamp="2018-10-26T15:01:21" hostname="Allens-MacBook-Pro-2.local" time="0.011">
  <properties/>
  <testcase name="testWorkMethod()" classname="threesolid.TestWorker" time="0.008"/>
  <testcase name="newtestAVWorkerPass()" classname="threesolid.TestWorker" time="0.001"/>
  <system-out><![CDATA[]]></system-out>
  <system-err><![CDATA[]]></system-err>
</testsuite>
